<?xml version="1.0" encoding="UTF-8"?>
<!-- Generated by org.testng.reporters.JUnitReportReporter -->
<testsuite hostname="USMUMNEEUPADHY9" failures="0" tests="1" name="com.HomePage.HomePageTest" time="5.289" errors="0" timestamp="2022-02-25T08:51:40 IST" skipped="0">
  <testcase classname="com.HomePage.HomePageTest" name="SignUpUser" time="5.289"/>
  <system-out/>
</testsuite> <!-- com.HomePage.HomePageTest -->
